<?xml version="1.0" encoding="UTF-8"?>
<!-- Generated by org.testng.reporters.JUnitReportReporter -->
<testsuite hostname="Ashok-PC" name="com.pack.MavenJenkinsTestCase" tests="1" failures="0" timestamp="1 Oct 2016 02:36:12 GMT" time="3.511" errors="0">
  <testcase name="firstTestCase" time="3.511" classname="com.pack.MavenJenkinsTestCase"/>
</testsuite> <!-- com.pack.MavenJenkinsTestCase -->
